
ROM used:   1405/8192 (17%)
            1405/8192 (17%) including unused fragments

            1.4 Average locations per line
            5.9 Average locations per statement

RAM used:   25/368 (7%) at main() level
            34/368 (9%) worst case

Stack used: 3 worst case (3 in main + 0 for interrupts)
Stack size: 8

Lines Stmts  %   Files
----- ----- ---  -----
  177   210  88  Bai9.c
  809     0   0  C:\Program Files (x86)\PICC\Devices\16f887.h
   25    17   7  TV_LCD.c
   15    12   5  TV_KEY4X4.c
----- -----
 1026   239 Total

Page ROM  %  RAM    Vol Diff  Functions:
---- --- --- ---    --- ----  ----------
0     20   1    1             @delay_ms1
0     22   2    1    119  1.3  lcd_command
0     22   2    1    119  1.3  lcd_data
0     18   1    0     86  1.3  lcd_setup
0      8   1    0             @const714
0     73   5    3    628  7.0  key_4x4
0     14   1    0             @const736
0    214  15    1   1112  3.4  xuatma7doan
0     21   1    3             @DIV88
 Inline         1   2652  5.9  KIEMTRABANPHIM
0     37   3    2             @MUL88
0    520  37    0   1139  4.8  DEMSP
0      9   1    0             @const748
0     87   6    5             @PSTRINGCN7_709
0     87   6    6             @PRINTF_D_709
0      9   1    0             @const754
0      9   1    0             @const755
0      9   1    0             @const756
0      5   0    0             @const757
0      9   1    0             @const758
0      9   1    0             @const759
0      4   0    0             @const760
 Inline         4             @PSTRINGC7_709
0     82   6    0    598  4.7  thoigian
0      9   1    0             @const766
0     98   7    0    373  2.7  MAIN
0      6   0    0             @const770
 Inline         0             @cinit1

Program metrics:
    Functions               9
    Statements              239
    Comments                144
    Volume (V)              9740
    Difficulty (D)          31.5
    Effort to implement (E) 306578
    Time to implement (T)   4 hours, 44 minutes
    Est Delivered Bugs (B)  2
    Cyclomatic Complexity   38
    Maintainability (MI)    76

 Segment     Used  Free
-----------  ----  ----
00000-00003     4  0  
00004-007FF  1401  643  
00800-00FFF     0  2048  
01000-017FF     0  2048  
01800-01FFF     0  2048  



