
ROM used:   504/8192 (6%)
            504/8192 (6%) including unused fragments

            0.6 Average locations per line
            31.5 Average locations per statement

RAM used:   24/368 (7%) at main() level
            38/368 (10%) worst case

Stack used: 2 worst case (1 in main + 1 for interrupts)
Stack size: 8

Lines Stmts  %   Files
----- ----- ---  -----
   62    16 100  VDKA.c
  809     0   0  C:\Program Files (x86)\PICC\Devices\16f887.h
----- -----
  871    16 Total

Page ROM  %  RAM    Vol Diff  Functions:
---- --- --- ---    --- ----  ----------
0     22   4    1             @delay_ms1
0     17   3    1             @delay_us1
0     12   2    0     38  1.6  ngatuart
0    136  27    2    320  3.2  MAIN
0     31   6    2     86  1.3  @ITOF
0    204  40   14             @DIVFF
0     33   7    4    628  7.0  @SFTOI
 Inline         0     20  1.3  @cinit1

Program metrics:
    Functions               5
    Statements              16
    Comments                162
    Volume (V)              1465
    Difficulty (D)          14.4
    Effort to implement (E) 21163
    Time to implement (T)   20 minutes
    Est Delivered Bugs (B)  0
    Cyclomatic Complexity   1
    Maintainability (MI)    151

 Segment     Used  Free
-----------  ----  ----
00000-00003     4  0  
00004-00030    45  0  
00031-007FF   455  1544  
00800-00FFF     0  2048  
01000-017FF     0  2048  
01800-01FFF     0  2048  



