
ROM used:   237/8192 (3%)
            237/8192 (3%) including unused fragments

            0.3 Average locations per line
            5.2 Average locations per statement

RAM used:   29/368 (8%) at main() level
            34/368 (9%) worst case

Stack used: 0 worst case (0 in main + 0 for interrupts)
Stack size: 8

Lines Stmts  %   Files
----- ----- ---  -----
   63    29  63  lcd.c
  809     0   0  C:\Program Files (x86)\PICC\Devices\16f887.h
   25    17  37  TV_LCD.c
----- -----
  897    46 Total

Page ROM  %  RAM    Vol Diff  Functions:
---- --- --- ---    --- ----  ----------
0     20   8    1             @delay_ms1
0     25  11    1    119  1.3  lcd_command
0     25  11    1    119  1.3  lcd_data
0     18   8    0     86  1.3  lcd_setup
0     95  40    0     43  1.3  hien_thi_lcd
0      1   0    0             @const719
 Inline         4             @PSTRINGC7_709
0     49  21    0    114  1.3  MAIN
 Inline         0             @cinit1

Program metrics:
    Functions               5
    Statements              46
    Comments                138
    Volume (V)              758
    Difficulty (D)          6.3
    Effort to implement (E) 4766
    Time to implement (T)   4 minutes
    Est Delivered Bugs (B)  0
    Cyclomatic Complexity   1
    Maintainability (MI)    157

 Segment     Used  Free
-----------  ----  ----
00000-00003     4  0  
00004-007FF   233  1811  
00800-00FFF     0  2048  
01000-017FF     0  2048  
01800-01FFF     0  2048  



