CCS PCM C Compiler, Version 5.101, 43599               21-Apr-23 22:45

               Filename:   D:\processor\bai10\2.5v0v\adc.lst

               ROM used:   1798 words (22%)
                           Largest free fragment is 2048
               RAM used:   21 (6%) at main() level
                           41 (11%) worst case
               Stack used: 3 locations
               Stack size: 8

*
0000:  MOVLW  06
0001:  MOVWF  0A
0002:  GOTO   6AB
0003:  NOP
.................... #include<16f887.h>
.................... //////////// Standard Header file for the PIC16F887 device ////////////////
.................... ///////////////////////////////////////////////////////////////////////////
.................... ////        (C) Copyright 1996, 2020 Custom Computer Services          ////
.................... //// This source code may only be used by licensed users of the CCS C  ////
.................... //// compiler.  This source code may only be distributed to other      ////
.................... //// licensed users of the CCS C compiler.  No other use, reproduction ////
.................... //// or distribution is permitted without written permission.          ////
.................... //// Derivative programs created using this software in object code    ////
.................... //// form are not restricted in any way.                               ////
.................... ///////////////////////////////////////////////////////////////////////////
.................... #device PIC16F887
0004:  DATA C4,27
0005:  DATA 20,21
0006:  DATA 49,27
0007:  DATA 48,10
0008:  DATA 54,24
0009:  DATA D5,27
000A:  DATA CE,23
000B:  DATA 00,00
000C:  DATA C4,27
000D:  DATA 20,2A
000E:  DATA D2,2A
000F:  DATA CE,23
0010:  DATA 20,21
0011:  DATA 49,27
0012:  DATA 48,10
0013:  DATA 20,00
0014:  DATA D3,20
0015:  DATA 4E,10
0016:  DATA 50,24
0017:  DATA C1,26
0018:  DATA 3A,10
0019:  DATA 25,36
001A:  DATA 75,10
001B:  DATA 20,00
001C:  DATA D4,24
001D:  DATA CD,22
001E:  DATA 3A,10
001F:  DATA 80,32
0020:  DATA 4E,24
0021:  DATA C9,22
0022:  DATA 54,10
0023:  DATA C4,27
0024:  DATA 3A,10
0025:  DATA 25,36
0026:  DATA 75,10
0027:  DATA 20,00
0028:  DATA 20,10
0029:  DATA 00,00
002A:  DATA 4E,24
002B:  DATA C9,22
002C:  DATA 54,10
002D:  DATA C4,27
002E:  DATA 3A,10
002F:  DATA 25,36
0030:  DATA 64,10
0031:  DATA 20,00
0032:  DATA 20,10
0033:  DATA 00,00
*
009C:  MOVF   0B,W
009D:  MOVWF  31
009E:  BCF    0B.7
009F:  BSF    03.5
00A0:  BSF    03.6
00A1:  BSF    0C.7
00A2:  BSF    0C.0
00A3:  NOP
00A4:  NOP
00A5:  BCF    03.5
00A6:  BCF    03.6
00A7:  BTFSC  31.7
00A8:  BSF    0B.7
00A9:  BTFSC  03.0
00AA:  GOTO   0D3
00AB:  BSF    03.6
00AC:  MOVF   0C,W
00AD:  ANDLW  7F
00AE:  BCF    03.6
00AF:  MOVWF  31
00B0:  BSF    03.6
00B1:  MOVF   0D,W
00B2:  BCF    03.6
00B3:  MOVWF  32
00B4:  BSF    03.6
00B5:  MOVF   0F,W
00B6:  BCF    03.6
00B7:  MOVWF  33
00B8:  MOVF   31,W
00B9:  MOVWF  39
00BA:  CALL   07B
00BB:  MOVF   32,W
00BC:  BSF    03.6
00BD:  MOVWF  0D
00BE:  BCF    03.6
00BF:  MOVF   33,W
00C0:  BSF    03.6
00C1:  MOVWF  0F
00C2:  BCF    03.6
00C3:  MOVF   0B,W
00C4:  MOVWF  34
00C5:  BCF    0B.7
00C6:  BSF    03.5
00C7:  BSF    03.6
00C8:  BSF    0C.7
00C9:  BSF    0C.0
00CA:  NOP
00CB:  NOP
00CC:  BCF    03.5
00CD:  BCF    03.6
00CE:  BTFSC  34.7
00CF:  BSF    0B.7
00D0:  DECFSZ 30,F
00D1:  GOTO   0D3
00D2:  GOTO   0F2
00D3:  BSF    03.6
00D4:  RLF    0C,W
00D5:  RLF    0E,W
00D6:  ANDLW  7F
00D7:  BCF    03.6
00D8:  MOVWF  31
00D9:  BSF    03.6
00DA:  MOVF   0D,W
00DB:  BCF    03.6
00DC:  MOVWF  32
00DD:  BSF    03.6
00DE:  MOVF   0F,W
00DF:  BCF    03.6
00E0:  MOVWF  33
00E1:  MOVF   31,W
00E2:  MOVWF  39
00E3:  CALL   07B
00E4:  MOVF   32,W
00E5:  BSF    03.6
00E6:  MOVWF  0D
00E7:  BCF    03.6
00E8:  MOVF   33,W
00E9:  BSF    03.6
00EA:  MOVWF  0F
00EB:  INCF   0D,F
00EC:  BTFSC  03.2
00ED:  INCF   0F,F
00EE:  BCF    03.0
00EF:  BCF    03.6
00F0:  DECFSZ 30,F
00F1:  GOTO   09C
00F2:  RETURN
00F3:  CLRF   38
00F4:  MOVF   04,W
00F5:  MOVWF  37
00F6:  BCF    38.0
00F7:  BTFSC  03.7
00F8:  BSF    38.0
00F9:  SWAPF  31,W
00FA:  IORLW  F0
00FB:  MOVWF  33
00FC:  ADDWF  33,F
00FD:  ADDLW  E2
00FE:  MOVWF  34
00FF:  ADDLW  32
0100:  MOVWF  36
0101:  MOVF   31,W
0102:  ANDLW  0F
0103:  ADDWF  34,F
0104:  ADDWF  34,F
0105:  ADDWF  36,F
0106:  ADDLW  E9
0107:  MOVWF  35
0108:  ADDWF  35,F
0109:  ADDWF  35,F
010A:  SWAPF  30,W
010B:  ANDLW  0F
010C:  ADDWF  35,F
010D:  ADDWF  36,F
010E:  RLF    35,F
010F:  RLF    36,F
0110:  COMF   36,F
0111:  RLF    36,F
0112:  MOVF   30,W
0113:  ANDLW  0F
0114:  ADDWF  36,F
0115:  RLF    33,F
0116:  MOVLW  07
0117:  MOVWF  32
0118:  MOVLW  0A
0119:  ADDWF  36,F
011A:  DECF   35,F
011B:  BTFSS  03.0
011C:  GOTO   119
011D:  ADDWF  35,F
011E:  DECF   34,F
011F:  BTFSS  03.0
0120:  GOTO   11D
0121:  ADDWF  34,F
0122:  DECF   33,F
0123:  BTFSS  03.0
0124:  GOTO   121
0125:  ADDWF  33,F
0126:  DECF   32,F
0127:  BTFSS  03.0
0128:  GOTO   125
0129:  MOVLW  32
012A:  MOVWF  04
012B:  BCF    03.7
012C:  MOVLW  07
012D:  ANDWF  37,W
012E:  BCF    37.6
012F:  ADDWF  04,F
0130:  MOVLW  36
0131:  SUBWF  04,W
0132:  BTFSC  03.2
0133:  BSF    37.6
0134:  MOVF   00,W
0135:  MOVWF  77
0136:  BTFSS  03.2
0137:  GOTO   140
0138:  BTFSC  37.6
0139:  GOTO   140
013A:  BTFSC  37.4
013B:  GOTO   152
013C:  BTFSC  37.3
013D:  GOTO   140
013E:  MOVLW  20
013F:  GOTO   143
0140:  BSF    37.3
0141:  BCF    37.4
0142:  MOVLW  30
0143:  ADDWF  77,F
0144:  CLRF   31
0145:  MOVF   04,W
0146:  MOVWF  30
0147:  BCF    31.0
0148:  BTFSC  03.7
0149:  BSF    31.0
014A:  MOVF   77,W
014B:  MOVWF  39
014C:  CALL   07B
014D:  MOVF   30,W
014E:  MOVWF  04
014F:  BCF    03.7
0150:  BTFSC  31.0
0151:  BSF    03.7
0152:  INCF   04,F
0153:  BTFSS  37.6
0154:  GOTO   130
0155:  RETURN
*
0183:  MOVF   0B,W
0184:  MOVWF  30
0185:  BCF    0B.7
0186:  BSF    03.5
0187:  BSF    03.6
0188:  BSF    0C.7
0189:  BSF    0C.0
018A:  NOP
018B:  NOP
018C:  BCF    03.5
018D:  BCF    03.6
018E:  BTFSC  30.7
018F:  BSF    0B.7
0190:  BSF    03.6
0191:  MOVF   0C,W
0192:  ANDLW  7F
0193:  BTFSC  03.2
0194:  GOTO   1D7
0195:  BCF    03.6
0196:  MOVWF  30
0197:  BSF    03.6
0198:  MOVF   0D,W
0199:  BCF    03.6
019A:  MOVWF  31
019B:  BSF    03.6
019C:  MOVF   0F,W
019D:  BCF    03.6
019E:  MOVWF  32
019F:  MOVF   30,W
01A0:  MOVWF  39
01A1:  CALL   07B
01A2:  MOVF   31,W
01A3:  BSF    03.6
01A4:  MOVWF  0D
01A5:  BCF    03.6
01A6:  MOVF   32,W
01A7:  BSF    03.6
01A8:  MOVWF  0F
01A9:  BCF    03.6
01AA:  MOVF   0B,W
01AB:  MOVWF  33
01AC:  BCF    0B.7
01AD:  BSF    03.5
01AE:  BSF    03.6
01AF:  BSF    0C.7
01B0:  BSF    0C.0
01B1:  NOP
01B2:  NOP
01B3:  BCF    03.5
01B4:  BCF    03.6
01B5:  BTFSC  33.7
01B6:  BSF    0B.7
01B7:  BSF    03.6
01B8:  RLF    0C,W
01B9:  RLF    0E,W
01BA:  ANDLW  7F
01BB:  BTFSC  03.2
01BC:  GOTO   1D7
01BD:  BCF    03.6
01BE:  MOVWF  30
01BF:  BSF    03.6
01C0:  MOVF   0D,W
01C1:  BCF    03.6
01C2:  MOVWF  31
01C3:  BSF    03.6
01C4:  MOVF   0F,W
01C5:  BCF    03.6
01C6:  MOVWF  32
01C7:  MOVF   30,W
01C8:  MOVWF  39
01C9:  CALL   07B
01CA:  MOVF   31,W
01CB:  BSF    03.6
01CC:  MOVWF  0D
01CD:  BCF    03.6
01CE:  MOVF   32,W
01CF:  BSF    03.6
01D0:  MOVWF  0F
01D1:  INCF   0D,F
01D2:  BTFSC  03.2
01D3:  INCF   0F,F
01D4:  BCF    03.6
01D5:  GOTO   183
01D6:  BSF    03.6
01D7:  BCF    03.6
01D8:  RETURN
01D9:  MOVF   32,W
01DA:  CLRF   78
01DB:  SUBWF  31,W
01DC:  BTFSC  03.0
01DD:  GOTO   1E1
01DE:  MOVF   31,W
01DF:  MOVWF  77
01E0:  GOTO   1ED
01E1:  CLRF   77
01E2:  MOVLW  08
01E3:  MOVWF  33
01E4:  RLF    31,F
01E5:  RLF    77,F
01E6:  MOVF   32,W
01E7:  SUBWF  77,W
01E8:  BTFSC  03.0
01E9:  MOVWF  77
01EA:  RLF    78,F
01EB:  DECFSZ 33,F
01EC:  GOTO   1E4
01ED:  RETURN
*
0299:  MOVLW  8E
029A:  MOVWF  77
029B:  MOVF   33,W
029C:  MOVWF  78
029D:  MOVF   32,W
029E:  MOVWF  79
029F:  CLRF   7A
02A0:  MOVF   78,F
02A1:  BTFSS  03.2
02A2:  GOTO   2AD
02A3:  MOVF   79,W
02A4:  MOVWF  78
02A5:  CLRF   79
02A6:  MOVLW  08
02A7:  SUBWF  77,F
02A8:  MOVF   78,F
02A9:  BTFSS  03.2
02AA:  GOTO   2AD
02AB:  CLRF   77
02AC:  GOTO   2B5
02AD:  BCF    03.0
02AE:  BTFSC  78.7
02AF:  GOTO   2B4
02B0:  RLF    79,F
02B1:  RLF    78,F
02B2:  DECF   77,F
02B3:  GOTO   2AD
02B4:  BCF    78.7
02B5:  RETURN
02B6:  MOVF   32,W
02B7:  BTFSC  03.2
02B8:  GOTO   37B
02B9:  MOVWF  3E
02BA:  MOVF   36,W
02BB:  BTFSC  03.2
02BC:  GOTO   37B
02BD:  SUBWF  3E,F
02BE:  BTFSS  03.0
02BF:  GOTO   2C5
02C0:  MOVLW  7F
02C1:  ADDWF  3E,F
02C2:  BTFSC  03.0
02C3:  GOTO   37B
02C4:  GOTO   2CB
02C5:  MOVLW  81
02C6:  SUBWF  3E,F
02C7:  BTFSS  03.0
02C8:  GOTO   37B
02C9:  BTFSC  03.2
02CA:  GOTO   37B
02CB:  MOVF   3E,W
02CC:  MOVWF  77
02CD:  CLRF   78
02CE:  CLRF   79
02CF:  CLRF   7A
02D0:  CLRF   3D
02D1:  MOVF   33,W
02D2:  MOVWF  3C
02D3:  BSF    3C.7
02D4:  MOVF   34,W
02D5:  MOVWF  3B
02D6:  MOVF   35,W
02D7:  MOVWF  3A
02D8:  MOVLW  19
02D9:  MOVWF  3E
02DA:  MOVF   39,W
02DB:  SUBWF  3A,F
02DC:  BTFSC  03.0
02DD:  GOTO   2EE
02DE:  MOVLW  01
02DF:  SUBWF  3B,F
02E0:  BTFSC  03.0
02E1:  GOTO   2EE
02E2:  SUBWF  3C,F
02E3:  BTFSC  03.0
02E4:  GOTO   2EE
02E5:  SUBWF  3D,F
02E6:  BTFSC  03.0
02E7:  GOTO   2EE
02E8:  INCF   3D,F
02E9:  INCF   3C,F
02EA:  INCF   3B,F
02EB:  MOVF   39,W
02EC:  ADDWF  3A,F
02ED:  GOTO   320
02EE:  MOVF   38,W
02EF:  SUBWF  3B,F
02F0:  BTFSC  03.0
02F1:  GOTO   309
02F2:  MOVLW  01
02F3:  SUBWF  3C,F
02F4:  BTFSC  03.0
02F5:  GOTO   309
02F6:  SUBWF  3D,F
02F7:  BTFSC  03.0
02F8:  GOTO   309
02F9:  INCF   3D,F
02FA:  INCF   3C,F
02FB:  MOVF   38,W
02FC:  ADDWF  3B,F
02FD:  MOVF   39,W
02FE:  ADDWF  3A,F
02FF:  BTFSS  03.0
0300:  GOTO   320
0301:  INCF   3B,F
0302:  BTFSS  03.2
0303:  GOTO   320
0304:  INCF   3C,F
0305:  BTFSS  03.2
0306:  GOTO   320
0307:  INCF   3D,F
0308:  GOTO   320
0309:  MOVF   37,W
030A:  IORLW  80
030B:  SUBWF  3C,F
030C:  BTFSC  03.0
030D:  GOTO   31F
030E:  MOVLW  01
030F:  SUBWF  3D,F
0310:  BTFSC  03.0
0311:  GOTO   31F
0312:  INCF   3D,F
0313:  MOVF   37,W
0314:  IORLW  80
0315:  ADDWF  3C,F
0316:  MOVF   38,W
0317:  ADDWF  3B,F
0318:  BTFSS  03.0
0319:  GOTO   2FD
031A:  INCF   3C,F
031B:  BTFSS  03.2
031C:  GOTO   2FD
031D:  INCF   3D,F
031E:  GOTO   2FD
031F:  BSF    7A.0
0320:  DECFSZ 3E,F
0321:  GOTO   323
0322:  GOTO   32E
0323:  BCF    03.0
0324:  RLF    3A,F
0325:  RLF    3B,F
0326:  RLF    3C,F
0327:  RLF    3D,F
0328:  BCF    03.0
0329:  RLF    7A,F
032A:  RLF    79,F
032B:  RLF    78,F
032C:  RLF    3F,F
032D:  GOTO   2DA
032E:  BTFSS  3F.0
032F:  GOTO   336
0330:  BCF    03.0
0331:  RRF    78,F
0332:  RRF    79,F
0333:  RRF    7A,F
0334:  RRF    3F,F
0335:  GOTO   339
0336:  DECF   77,F
0337:  BTFSC  03.2
0338:  GOTO   37B
0339:  BTFSC  3F.7
033A:  GOTO   362
033B:  BCF    03.0
033C:  RLF    3A,F
033D:  RLF    3B,F
033E:  RLF    3C,F
033F:  RLF    3D,F
0340:  MOVF   39,W
0341:  SUBWF  3A,F
0342:  BTFSC  03.0
0343:  GOTO   34E
0344:  MOVLW  01
0345:  SUBWF  3B,F
0346:  BTFSC  03.0
0347:  GOTO   34E
0348:  SUBWF  3C,F
0349:  BTFSC  03.0
034A:  GOTO   34E
034B:  SUBWF  3D,F
034C:  BTFSS  03.0
034D:  GOTO   371
034E:  MOVF   38,W
034F:  SUBWF  3B,F
0350:  BTFSC  03.0
0351:  GOTO   359
0352:  MOVLW  01
0353:  SUBWF  3C,F
0354:  BTFSC  03.0
0355:  GOTO   359
0356:  SUBWF  3D,F
0357:  BTFSS  03.0
0358:  GOTO   371
0359:  MOVF   37,W
035A:  IORLW  80
035B:  SUBWF  3C,F
035C:  BTFSC  03.0
035D:  GOTO   362
035E:  MOVLW  01
035F:  SUBWF  3D,F
0360:  BTFSS  03.0
0361:  GOTO   371
0362:  INCF   7A,F
0363:  BTFSS  03.2
0364:  GOTO   371
0365:  INCF   79,F
0366:  BTFSS  03.2
0367:  GOTO   371
0368:  INCF   78,F
0369:  BTFSS  03.2
036A:  GOTO   371
036B:  INCF   77,F
036C:  BTFSC  03.2
036D:  GOTO   37B
036E:  RRF    78,F
036F:  RRF    79,F
0370:  RRF    7A,F
0371:  MOVF   33,W
0372:  MOVWF  3E
0373:  MOVF   37,W
0374:  XORWF  3E,F
0375:  BTFSS  3E.7
0376:  GOTO   379
0377:  BSF    78.7
0378:  GOTO   37F
0379:  BCF    78.7
037A:  GOTO   37F
037B:  CLRF   77
037C:  CLRF   78
037D:  CLRF   79
037E:  CLRF   7A
037F:  RETURN
0380:  MOVLW  8E
0381:  MOVWF  77
0382:  MOVF   34,W
0383:  SUBWF  77,F
0384:  MOVF   35,W
0385:  MOVWF  79
0386:  MOVF   36,W
0387:  MOVWF  78
0388:  BSF    79.7
0389:  MOVF   77,F
038A:  BTFSC  03.2
038B:  GOTO   397
038C:  BCF    03.0
038D:  MOVF   79,F
038E:  BTFSS  03.2
038F:  GOTO   393
0390:  MOVF   78,F
0391:  BTFSC  03.2
0392:  GOTO   397
0393:  RRF    79,F
0394:  RRF    78,F
0395:  DECFSZ 77,F
0396:  GOTO   38C
0397:  BTFSS  35.7
0398:  GOTO   39E
0399:  COMF   78,F
039A:  COMF   79,F
039B:  INCF   78,F
039C:  BTFSC  03.2
039D:  INCF   79,F
039E:  RETURN
*
0429:  MOVLW  8E
042A:  MOVWF  77
042B:  MOVF   35,W
042C:  MOVWF  78
042D:  MOVF   34,W
042E:  MOVWF  79
042F:  CLRF   7A
0430:  BTFSS  35.7
0431:  GOTO   437
0432:  COMF   78,F
0433:  COMF   79,F
0434:  INCF   79,F
0435:  BTFSC  03.2
0436:  INCF   78,F
0437:  MOVF   78,F
0438:  BTFSS  03.2
0439:  GOTO   444
043A:  MOVF   79,W
043B:  MOVWF  78
043C:  CLRF   79
043D:  MOVLW  08
043E:  SUBWF  77,F
043F:  MOVF   78,F
0440:  BTFSS  03.2
0441:  GOTO   444
0442:  CLRF   77
0443:  GOTO   44D
0444:  BCF    03.0
0445:  BTFSC  78.7
0446:  GOTO   44B
0447:  RLF    79,F
0448:  RLF    78,F
0449:  DECF   77,F
044A:  GOTO   444
044B:  BTFSS  35.7
044C:  BCF    78.7
*
045E:  MOVLW  80
045F:  BTFSC  03.1
0460:  XORWF  39,F
0461:  CLRF   3E
0462:  CLRF   3F
0463:  MOVF   35,W
0464:  MOVWF  3D
0465:  MOVF   39,W
0466:  XORWF  3D,F
0467:  MOVF   34,W
0468:  BTFSC  03.2
0469:  GOTO   54E
046A:  MOVWF  3C
046B:  MOVWF  77
046C:  MOVF   38,W
046D:  BTFSC  03.2
046E:  GOTO   557
046F:  SUBWF  3C,F
0470:  BTFSC  03.2
0471:  GOTO   4F3
0472:  BTFSS  03.0
0473:  GOTO   4B1
0474:  MOVF   39,W
0475:  MOVWF  42
0476:  BSF    42.7
0477:  MOVF   3A,W
0478:  MOVWF  41
0479:  MOVF   3B,W
047A:  MOVWF  40
047B:  CLRF   3F
047C:  BCF    03.0
047D:  RRF    42,F
047E:  RRF    41,F
047F:  RRF    40,F
0480:  RRF    3F,F
0481:  DECFSZ 3C,F
0482:  GOTO   47B
0483:  BTFSS  3D.7
0484:  GOTO   488
0485:  BSF    3E.0
0486:  GOTO   56B
0487:  BCF    3E.0
0488:  BCF    3C.0
0489:  BSF    3E.4
048A:  MOVLW  37
048B:  MOVWF  04
048C:  BCF    03.7
048D:  GOTO   580
048E:  BCF    3E.4
048F:  BTFSC  3D.7
0490:  GOTO   49B
0491:  BTFSS  3C.0
0492:  GOTO   4A6
0493:  RRF    42,F
0494:  RRF    41,F
0495:  RRF    40,F
0496:  RRF    3F,F
0497:  INCF   77,F
0498:  BTFSC  03.2
0499:  GOTO   566
049A:  GOTO   4A6
049B:  BTFSC  42.7
049C:  GOTO   4A9
049D:  BCF    03.0
049E:  RLF    3F,F
049F:  RLF    40,F
04A0:  RLF    41,F
04A1:  RLF    42,F
04A2:  DECF   77,F
04A3:  BTFSC  03.2
04A4:  GOTO   566
04A5:  GOTO   49B
04A6:  BSF    3E.6
04A7:  GOTO   513
04A8:  BCF    3E.6
04A9:  MOVF   35,W
04AA:  MOVWF  3D
04AB:  BTFSS  3D.7
04AC:  GOTO   4AF
04AD:  BSF    42.7
04AE:  GOTO   55F
04AF:  BCF    42.7
04B0:  GOTO   55F
04B1:  MOVF   38,W
04B2:  MOVWF  3C
04B3:  MOVWF  77
04B4:  MOVF   34,W
04B5:  SUBWF  3C,F
04B6:  MOVF   35,W
04B7:  MOVWF  42
04B8:  BSF    42.7
04B9:  MOVF   36,W
04BA:  MOVWF  41
04BB:  MOVF   37,W
04BC:  MOVWF  40
04BD:  CLRF   3F
04BE:  BCF    03.0
04BF:  RRF    42,F
04C0:  RRF    41,F
04C1:  RRF    40,F
04C2:  RRF    3F,F
04C3:  DECFSZ 3C,F
04C4:  GOTO   4BD
04C5:  BTFSS  3D.7
04C6:  GOTO   4CA
04C7:  BSF    3E.1
04C8:  GOTO   56B
04C9:  BCF    3E.1
04CA:  BCF    3C.0
04CB:  BSF    3E.5
04CC:  MOVLW  3B
04CD:  MOVWF  04
04CE:  BCF    03.7
04CF:  GOTO   580
04D0:  BCF    3E.5
04D1:  BTFSC  3D.7
04D2:  GOTO   4DD
04D3:  BTFSS  3C.0
04D4:  GOTO   4E8
04D5:  RRF    42,F
04D6:  RRF    41,F
04D7:  RRF    40,F
04D8:  RRF    3F,F
04D9:  INCF   77,F
04DA:  BTFSC  03.2
04DB:  GOTO   566
04DC:  GOTO   4E8
04DD:  BTFSC  42.7
04DE:  GOTO   4EB
04DF:  BCF    03.0
04E0:  RLF    3F,F
04E1:  RLF    40,F
04E2:  RLF    41,F
04E3:  RLF    42,F
04E4:  DECF   77,F
04E5:  BTFSC  03.2
04E6:  GOTO   566
04E7:  GOTO   4DD
04E8:  BSF    3E.7
04E9:  GOTO   513
04EA:  BCF    3E.7
04EB:  MOVF   39,W
04EC:  MOVWF  3D
04ED:  BTFSS  3D.7
04EE:  GOTO   4F1
04EF:  BSF    42.7
04F0:  GOTO   55F
04F1:  BCF    42.7
04F2:  GOTO   55F
04F3:  MOVF   39,W
04F4:  MOVWF  42
04F5:  BSF    42.7
04F6:  MOVF   3A,W
04F7:  MOVWF  41
04F8:  MOVF   3B,W
04F9:  MOVWF  40
04FA:  BTFSS  3D.7
04FB:  GOTO   500
04FC:  BCF    42.7
04FD:  BSF    3E.2
04FE:  GOTO   56B
04FF:  BCF    3E.2
0500:  CLRF   3F
0501:  BCF    3C.0
0502:  MOVLW  37
0503:  MOVWF  04
0504:  BCF    03.7
0505:  GOTO   580
0506:  BTFSC  3D.7
0507:  GOTO   529
0508:  MOVF   35,W
0509:  MOVWF  3D
050A:  BTFSS  3C.0
050B:  GOTO   513
050C:  RRF    42,F
050D:  RRF    41,F
050E:  RRF    40,F
050F:  RRF    3F,F
0510:  INCF   77,F
0511:  BTFSC  03.2
0512:  GOTO   566
0513:  BTFSS  3F.7
0514:  GOTO   524
0515:  INCF   40,F
0516:  BTFSS  03.2
0517:  GOTO   524
0518:  INCF   41,F
0519:  BTFSS  03.2
051A:  GOTO   524
051B:  INCF   42,F
051C:  BTFSS  03.2
051D:  GOTO   524
051E:  RRF    42,F
051F:  RRF    41,F
0520:  RRF    40,F
0521:  INCF   77,F
0522:  BTFSC  03.2
0523:  GOTO   566
0524:  BTFSC  3E.6
0525:  GOTO   4A8
0526:  BTFSC  3E.7
0527:  GOTO   4EA
0528:  GOTO   548
0529:  MOVLW  80
052A:  XORWF  42,F
052B:  BTFSS  42.7
052C:  GOTO   531
052D:  GOTO   56B
052E:  MOVF   39,W
052F:  MOVWF  3D
0530:  GOTO   53E
0531:  MOVF   35,W
0532:  MOVWF  3D
0533:  MOVF   42,F
0534:  BTFSS  03.2
0535:  GOTO   53E
0536:  MOVF   41,F
0537:  BTFSS  03.2
0538:  GOTO   53E
0539:  MOVF   40,F
053A:  BTFSS  03.2
053B:  GOTO   53E
053C:  CLRF   77
053D:  GOTO   55F
053E:  BTFSC  42.7
053F:  GOTO   548
0540:  BCF    03.0
0541:  RLF    3F,F
0542:  RLF    40,F
0543:  RLF    41,F
0544:  RLF    42,F
0545:  DECFSZ 77,F
0546:  GOTO   53E
0547:  GOTO   566
0548:  BTFSS  3D.7
0549:  GOTO   54C
054A:  BSF    42.7
054B:  GOTO   55F
054C:  BCF    42.7
054D:  GOTO   55F
054E:  MOVF   38,W
054F:  MOVWF  77
0550:  MOVF   39,W
0551:  MOVWF  42
0552:  MOVF   3A,W
0553:  MOVWF  41
0554:  MOVF   3B,W
0555:  MOVWF  40
0556:  GOTO   55F
0557:  MOVF   34,W
0558:  MOVWF  77
0559:  MOVF   35,W
055A:  MOVWF  42
055B:  MOVF   36,W
055C:  MOVWF  41
055D:  MOVF   37,W
055E:  MOVWF  40
055F:  MOVF   42,W
0560:  MOVWF  78
0561:  MOVF   41,W
0562:  MOVWF  79
0563:  MOVF   40,W
0564:  MOVWF  7A
0565:  GOTO   59E
0566:  CLRF   77
0567:  CLRF   78
0568:  CLRF   79
0569:  CLRF   7A
056A:  GOTO   59E
056B:  CLRF   3F
056C:  COMF   40,F
056D:  COMF   41,F
056E:  COMF   42,F
056F:  COMF   3F,F
0570:  INCF   3F,F
0571:  BTFSS  03.2
0572:  GOTO   579
0573:  INCF   40,F
0574:  BTFSS  03.2
0575:  GOTO   579
0576:  INCF   41,F
0577:  BTFSC  03.2
0578:  INCF   42,F
0579:  BTFSC  3E.0
057A:  GOTO   487
057B:  BTFSC  3E.1
057C:  GOTO   4C9
057D:  BTFSC  3E.2
057E:  GOTO   4FF
057F:  GOTO   52E
0580:  MOVF   00,W
0581:  ADDWF  40,F
0582:  BTFSS  03.0
0583:  GOTO   58A
0584:  INCF   41,F
0585:  BTFSS  03.2
0586:  GOTO   58A
0587:  INCF   42,F
0588:  BTFSC  03.2
0589:  BSF    3C.0
058A:  DECF   04,F
058B:  MOVF   00,W
058C:  ADDWF  41,F
058D:  BTFSS  03.0
058E:  GOTO   592
058F:  INCF   42,F
0590:  BTFSC  03.2
0591:  BSF    3C.0
0592:  DECF   04,F
0593:  MOVF   00,W
0594:  BTFSS  00.7
0595:  XORLW  80
0596:  ADDWF  42,F
0597:  BTFSC  03.0
0598:  BSF    3C.0
0599:  BTFSC  3E.4
059A:  GOTO   48E
059B:  BTFSC  3E.5
059C:  GOTO   4D0
059D:  GOTO   506
*
05BE:  MOVF   31,W
05BF:  XORWF  33,W
05C0:  ANDLW  80
05C1:  MOVWF  35
05C2:  BTFSS  31.7
05C3:  GOTO   5C9
05C4:  COMF   30,F
05C5:  COMF   31,F
05C6:  INCF   30,F
05C7:  BTFSC  03.2
05C8:  INCF   31,F
05C9:  BTFSS  33.7
05CA:  GOTO   5D0
05CB:  COMF   32,F
05CC:  COMF   33,F
05CD:  INCF   32,F
05CE:  BTFSC  03.2
05CF:  INCF   33,F
05D0:  CLRF   78
05D1:  CLRF   79
05D2:  CLRF   77
05D3:  CLRF   7A
05D4:  MOVF   33,W
05D5:  BTFSS  03.2
05D6:  GOTO   5DA
05D7:  MOVF   32,W
05D8:  BTFSC  03.2
05D9:  GOTO   5F4
05DA:  MOVLW  10
05DB:  MOVWF  34
05DC:  BCF    03.0
05DD:  RLF    30,F
05DE:  RLF    31,F
05DF:  RLF    77,F
05E0:  RLF    7A,F
05E1:  MOVF   33,W
05E2:  SUBWF  7A,W
05E3:  BTFSS  03.2
05E4:  GOTO   5E7
05E5:  MOVF   32,W
05E6:  SUBWF  77,W
05E7:  BTFSS  03.0
05E8:  GOTO   5F0
05E9:  MOVF   32,W
05EA:  SUBWF  77,F
05EB:  BTFSS  03.0
05EC:  DECF   7A,F
05ED:  MOVF   33,W
05EE:  SUBWF  7A,F
05EF:  BSF    03.0
05F0:  RLF    78,F
05F1:  RLF    79,F
05F2:  DECFSZ 34,F
05F3:  GOTO   5DC
05F4:  BTFSS  35.7
05F5:  GOTO   5FB
05F6:  COMF   78,F
05F7:  COMF   79,F
05F8:  INCF   78,F
05F9:  BTFSC  03.2
05FA:  INCF   79,F
*
0616:  CLRF   38
0617:  MOVF   04,W
0618:  MOVWF  37
0619:  BCF    38.0
061A:  BTFSC  03.7
061B:  BSF    38.0
061C:  BTFSS  31.7
061D:  GOTO   626
061E:  BSF    37.7
061F:  BTFSS  37.4
0620:  INCF   37,F
0621:  COMF   30,F
0622:  COMF   31,F
0623:  INCF   30,F
0624:  BTFSC  03.2
0625:  INCF   31,F
0626:  SWAPF  31,W
0627:  IORLW  F0
0628:  MOVWF  33
0629:  ADDWF  33,F
062A:  ADDLW  E2
062B:  MOVWF  34
062C:  ADDLW  32
062D:  MOVWF  36
062E:  MOVF   31,W
062F:  ANDLW  0F
0630:  ADDWF  34,F
0631:  ADDWF  34,F
0632:  ADDWF  36,F
0633:  ADDLW  E9
0634:  MOVWF  35
0635:  ADDWF  35,F
0636:  ADDWF  35,F
0637:  SWAPF  30,W
0638:  ANDLW  0F
0639:  ADDWF  35,F
063A:  ADDWF  36,F
063B:  RLF    35,F
063C:  RLF    36,F
063D:  COMF   36,F
063E:  RLF    36,F
063F:  MOVF   30,W
0640:  ANDLW  0F
0641:  ADDWF  36,F
0642:  RLF    33,F
0643:  MOVLW  07
0644:  MOVWF  32
0645:  MOVLW  0A
0646:  ADDWF  36,F
0647:  DECF   35,F
0648:  BTFSS  03.0
0649:  GOTO   646
064A:  ADDWF  35,F
064B:  DECF   34,F
064C:  BTFSS  03.0
064D:  GOTO   64A
064E:  ADDWF  34,F
064F:  DECF   33,F
0650:  BTFSS  03.0
0651:  GOTO   64E
0652:  ADDWF  33,F
0653:  DECF   32,F
0654:  BTFSS  03.0
0655:  GOTO   652
0656:  MOVLW  32
0657:  MOVWF  04
0658:  BCF    03.7
0659:  MOVLW  07
065A:  ANDWF  37,W
065B:  BCF    37.6
065C:  DECF   04,F
065D:  ANDWF  37,W
065E:  BTFSS  03.2
065F:  GOTO   667
0660:  BTFSC  37.4
0661:  INCF   04,F
0662:  BTFSC  37.4
0663:  GOTO   667
0664:  MOVLW  20
0665:  MOVWF  77
0666:  GOTO   684
0667:  ADDWF  04,F
0668:  MOVLW  36
0669:  SUBWF  04,W
066A:  BTFSC  03.2
066B:  BSF    37.6
066C:  MOVF   00,W
066D:  MOVWF  77
066E:  BTFSS  03.2
066F:  GOTO   678
0670:  BTFSC  37.6
0671:  GOTO   678
0672:  BTFSC  37.4
0673:  GOTO   692
0674:  BTFSC  37.3
0675:  GOTO   678
0676:  MOVLW  20
0677:  GOTO   683
0678:  BTFSS  37.7
0679:  GOTO   680
067A:  MOVLW  2D
067B:  MOVWF  77
067C:  DECF   04,F
067D:  BCF    37.6
067E:  BCF    37.7
067F:  GOTO   684
0680:  BSF    37.3
0681:  BCF    37.4
0682:  MOVLW  30
0683:  ADDWF  77,F
0684:  CLRF   31
0685:  MOVF   04,W
0686:  MOVWF  30
0687:  BCF    31.0
0688:  BTFSC  03.7
0689:  BSF    31.0
068A:  MOVF   77,W
068B:  MOVWF  39
068C:  CALL   07B
068D:  MOVF   30,W
068E:  MOVWF  04
068F:  BCF    03.7
0690:  BTFSC  31.0
0691:  BSF    03.7
0692:  INCF   04,F
0693:  BTFSS  37.6
0694:  GOTO   668
.................... 
.................... #list
.................... 
.................... #device ADC=10
.................... #fuses hs
.................... #use delay(clock=20M)
*
0034:  MOVLW  3A
0035:  MOVWF  04
0036:  BCF    03.7
0037:  MOVF   00,W
0038:  BTFSC  03.2
0039:  GOTO   047
003A:  MOVLW  06
003B:  MOVWF  78
003C:  CLRF   77
003D:  DECFSZ 77,F
003E:  GOTO   03D
003F:  DECFSZ 78,F
0040:  GOTO   03C
0041:  MOVLW  7B
0042:  MOVWF  77
0043:  DECFSZ 77,F
0044:  GOTO   043
0045:  DECFSZ 00,F
0046:  GOTO   03A
0047:  RETURN
.................... #define lcd_rs       pin_c5
.................... #define lcd_rw       pin_c6
.................... #define lcd_e        pin_c7
.................... #define output_lcd   output_d
.................... #include<TV_LCD.c>
.................... void lcd_command(int8 a)
.................... {
....................       output_low(lcd_rw);
0048:  BCF    20.6
0049:  MOVF   20,W
004A:  BSF    03.5
004B:  MOVWF  07
004C:  BCF    03.5
004D:  BCF    07.6
....................       output_low(lcd_rs);
004E:  BCF    20.5
004F:  MOVF   20,W
0050:  BSF    03.5
0051:  MOVWF  07
0052:  BCF    03.5
0053:  BCF    07.5
....................       output_lcd(a);
0054:  BSF    03.5
0055:  CLRF   08
0056:  BCF    03.5
0057:  MOVF   30,W
0058:  MOVWF  08
....................       output_high(lcd_e);
0059:  BCF    20.7
005A:  MOVF   20,W
005B:  BSF    03.5
005C:  MOVWF  07
005D:  BCF    03.5
005E:  BSF    07.7
....................       output_low(lcd_e);
005F:  BCF    20.7
0060:  MOVF   20,W
0061:  BSF    03.5
0062:  MOVWF  07
0063:  BCF    03.5
0064:  BCF    07.7
....................       delay_ms(1);    
0065:  MOVLW  01
0066:  MOVWF  3A
0067:  CALL   034
0068:  RETURN
.................... }
.................... void lcd_data(int8 a)
.................... {
....................       output_low(lcd_rw);
*
007B:  BCF    20.6
007C:  MOVF   20,W
007D:  BSF    03.5
007E:  MOVWF  07
007F:  BCF    03.5
0080:  BCF    07.6
....................       output_high(lcd_rs);
0081:  BCF    20.5
0082:  MOVF   20,W
0083:  BSF    03.5
0084:  MOVWF  07
0085:  BCF    03.5
0086:  BSF    07.5
....................       output_lcd(a);
0087:  BSF    03.5
0088:  CLRF   08
0089:  BCF    03.5
008A:  MOVF   39,W
008B:  MOVWF  08
....................       output_high(lcd_e);
008C:  BCF    20.7
008D:  MOVF   20,W
008E:  BSF    03.5
008F:  MOVWF  07
0090:  BCF    03.5
0091:  BSF    07.7
....................       output_low(lcd_e);
0092:  BCF    20.7
0093:  MOVF   20,W
0094:  BSF    03.5
0095:  MOVWF  07
0096:  BCF    03.5
0097:  BCF    07.7
....................       delay_ms(1);    
0098:  MOVLW  01
0099:  MOVWF  3A
009A:  CALL   034
009B:  RETURN
.................... }
.................... void lcd_setup()
.................... {
....................       lcd_command(0x38); delay_ms(5);
*
0069:  MOVLW  38
006A:  MOVWF  30
006B:  CALL   048
006C:  MOVLW  05
006D:  MOVWF  3A
006E:  CALL   034
....................       lcd_command(0x0c);
006F:  MOVLW  0C
0070:  MOVWF  30
0071:  CALL   048
....................       lcd_command(0x01); delay_ms(2);
0072:  MOVLW  01
0073:  MOVWF  30
0074:  CALL   048
0075:  MOVLW  02
0076:  MOVWF  3A
0077:  CALL   034
0078:  BCF    0A.3
0079:  BCF    0A.4
007A:  GOTO   6D7 (RETURN)
.................... }
.................... 
.................... #bit TM1IF =0x0c.0 
.................... signed int16 sp,kq,tong=0,n=0;
.................... unsigned int8 bdn1=0,gio=0,phut=0,giay=0;
.................... unsigned int1 mode=0;
.................... void NUTNHAN()
.................... {
....................    if(input(pin_a1)==0)
*
026A:  BSF    03.5
026B:  BSF    05.1
026C:  BCF    03.5
026D:  BTFSC  05.1
026E:  GOTO   27E
....................    {  delay_ms(20);
026F:  MOVLW  14
0270:  MOVWF  3A
0271:  CALL   034
....................       if(input(pin_a1)==0)
0272:  BSF    03.5
0273:  BSF    05.1
0274:  BCF    03.5
0275:  BTFSC  05.1
0276:  GOTO   27E
....................       {
....................       mode=!mode;
0277:  MOVLW  01
0278:  XORWF  2D,F
....................       while(input(pin_a1)==0);
0279:  BSF    03.5
027A:  BSF    05.1
027B:  BCF    03.5
027C:  BTFSS  05.1
027D:  GOTO   279
....................       }
....................    }
027E:  BCF    0A.3
027F:  BCF    0A.4
0280:  GOTO   702 (RETURN)
....................    
.................... }
.................... void HIENTHICHEDO()
.................... {
.................... lcd_command(0xd4);
0281:  MOVLW  D4
0282:  MOVWF  30
0283:  CALL   048
.................... if(mode==0) printf(lcd_data,"DO BINH THUONG");
0284:  BTFSC  2D.0
0285:  GOTO   28D
0286:  MOVLW  04
0287:  BSF    03.6
0288:  MOVWF  0D
0289:  MOVLW  00
028A:  MOVWF  0F
028B:  BCF    03.6
028C:  CALL   183
.................... if(mode==1) printf(lcd_data,"DO TRUNG BINH  ");
028D:  BTFSS  2D.0
028E:  GOTO   296
028F:  MOVLW  0C
0290:  BSF    03.6
0291:  MOVWF  0D
0292:  MOVLW  00
0293:  MOVWF  0F
0294:  BCF    03.6
0295:  CALL   183
0296:  BCF    0A.3
0297:  BCF    0A.4
0298:  GOTO   703 (RETURN)
.................... }
.................... void DEMSP()
.................... {
....................  if(sp>24) set_timer0(1); // Kh?ng ch? gi?i h?n d?m
*
0156:  BTFSC  22.7
0157:  GOTO   161
0158:  MOVF   22,F
0159:  BTFSS  03.2
015A:  GOTO   15F
015B:  MOVF   21,W
015C:  SUBLW  18
015D:  BTFSC  03.0
015E:  GOTO   161
015F:  MOVLW  01
0160:  MOVWF  01
....................        sp= get_timer0(); 
0161:  MOVF   01,W
0162:  CLRF   7A
0163:  MOVWF  21
0164:  MOVF   7A,W
0165:  MOVWF  22
....................       lcd_command(0x80);
0166:  MOVLW  80
0167:  MOVWF  30
0168:  CALL   048
....................       printf(lcd_data,"SAN PHAM: %lu  ",sp);
0169:  MOVLW  14
016A:  BSF    03.6
016B:  MOVWF  0D
016C:  MOVLW  00
016D:  MOVWF  0F
016E:  BCF    03.0
016F:  MOVLW  0A
0170:  BCF    03.6
0171:  MOVWF  30
0172:  CALL   09C
0173:  MOVLW  10
0174:  MOVWF  04
0175:  MOVF   22,W
0176:  MOVWF  31
0177:  MOVF   21,W
0178:  MOVWF  30
0179:  CALL   0F3
017A:  MOVLW  20
017B:  MOVWF  39
017C:  CALL   07B
017D:  MOVLW  20
017E:  MOVWF  39
017F:  CALL   07B
0180:  BCF    0A.3
0181:  BCF    0A.4
0182:  GOTO   700 (RETURN)
.................... }
.................... void TIME()
.................... {
....................     if(TM1IF) 
*
01EE:  BTFSS  0C.0
01EF:  GOTO   20C
....................              { set_timer1(3036);
01F0:  CLRF   0E
01F1:  MOVLW  0B
01F2:  MOVWF  0F
01F3:  MOVLW  DC
01F4:  MOVWF  0E
01F5:  NOP
....................              bdn1++;TM1IF=0; 
01F6:  INCF   29,F
01F7:  BCF    0C.0
....................              if(bdn1==10) 
01F8:  MOVF   29,W
01F9:  SUBLW  0A
01FA:  BTFSS  03.2
01FB:  GOTO   20C
....................                 {
....................                 bdn1=0; 
01FC:  CLRF   29
....................                   giay++;
01FD:  INCF   2C,F
....................                   if(giay==60)
01FE:  MOVF   2C,W
01FF:  SUBLW  3C
0200:  BTFSS  03.2
0201:  GOTO   20C
....................                      {
....................                      phut++;
0202:  INCF   2B,F
....................                         if(phut==60)
0203:  MOVF   2B,W
0204:  SUBLW  3C
0205:  BTFSS  03.2
0206:  GOTO   20C
....................                         {
....................                         gio++;
0207:  INCF   2A,F
....................                         if(gio==24) gio=0;
0208:  MOVF   2A,W
0209:  SUBLW  18
020A:  BTFSC  03.2
020B:  CLRF   2A
....................                         }
....................                      }
....................                 }
....................              }
....................              lcd_command(0xc0);
020C:  MOVLW  C0
020D:  MOVWF  30
020E:  CALL   048
....................              lcd_data("TIME: ");
020F:  MOVLW  1C
0210:  BSF    03.6
0211:  MOVWF  0D
0212:  MOVLW  00
0213:  MOVWF  0F
0214:  BCF    03.6
0215:  CALL   183
....................              lcd_data(gio/10%10+0x30);
0216:  MOVF   2A,W
0217:  MOVWF  31
0218:  MOVLW  0A
0219:  MOVWF  32
021A:  CALL   1D9
021B:  MOVF   78,W
021C:  MOVWF  31
021D:  MOVLW  0A
021E:  MOVWF  32
021F:  CALL   1D9
0220:  MOVLW  30
0221:  ADDWF  77,W
0222:  MOVWF  30
0223:  MOVWF  39
0224:  CALL   07B
....................              lcd_data(gio/1%10+0x30);
0225:  MOVF   2A,W
0226:  MOVWF  31
0227:  MOVLW  0A
0228:  MOVWF  32
0229:  CALL   1D9
022A:  MOVLW  30
022B:  ADDWF  77,W
022C:  MOVWF  30
022D:  MOVWF  39
022E:  CALL   07B
....................              lcd_data(':');
022F:  MOVLW  3A
0230:  MOVWF  39
0231:  CALL   07B
....................              lcd_data(phut/10%10+0x30);
0232:  MOVF   2B,W
0233:  MOVWF  31
0234:  MOVLW  0A
0235:  MOVWF  32
0236:  CALL   1D9
0237:  MOVF   78,W
0238:  MOVWF  31
0239:  MOVLW  0A
023A:  MOVWF  32
023B:  CALL   1D9
023C:  MOVLW  30
023D:  ADDWF  77,W
023E:  MOVWF  30
023F:  MOVWF  39
0240:  CALL   07B
....................              lcd_data(phut/1%10+0x30);
0241:  MOVF   2B,W
0242:  MOVWF  31
0243:  MOVLW  0A
0244:  MOVWF  32
0245:  CALL   1D9
0246:  MOVLW  30
0247:  ADDWF  77,W
0248:  MOVWF  30
0249:  MOVWF  39
024A:  CALL   07B
....................              lcd_data(':');
024B:  MOVLW  3A
024C:  MOVWF  39
024D:  CALL   07B
....................              lcd_data(giay/10%10+0x30);
024E:  MOVF   2C,W
024F:  MOVWF  31
0250:  MOVLW  0A
0251:  MOVWF  32
0252:  CALL   1D9
0253:  MOVF   78,W
0254:  MOVWF  31
0255:  MOVLW  0A
0256:  MOVWF  32
0257:  CALL   1D9
0258:  MOVLW  30
0259:  ADDWF  77,W
025A:  MOVWF  30
025B:  MOVWF  39
025C:  CALL   07B
....................              lcd_data(giay/1%10+0x30);
025D:  MOVF   2C,W
025E:  MOVWF  31
025F:  MOVLW  0A
0260:  MOVWF  32
0261:  CALL   1D9
0262:  MOVLW  30
0263:  ADDWF  77,W
0264:  MOVWF  30
0265:  MOVWF  39
0266:  CALL   07B
0267:  BCF    0A.3
0268:  BCF    0A.4
0269:  GOTO   701 (RETURN)
.................... }
.................... void DONHIETDO()
.................... {
....................    if (mode==0)
*
039F:  BTFSC  2D.0
03A0:  GOTO   3F8
....................       {
....................       kq=read_adc()/4.092;
03A1:  BSF    1F.1
03A2:  BTFSC  1F.1
03A3:  GOTO   3A2
03A4:  MOVF   1E,W
03A5:  MOVWF  79
03A6:  BSF    03.5
03A7:  MOVF   1E,W
03A8:  MOVWF  78
03A9:  MOVF   79,W
03AA:  BCF    03.5
03AB:  MOVWF  31
03AC:  MOVF   78,W
03AD:  MOVWF  30
03AE:  MOVF   31,W
03AF:  MOVWF  33
03B0:  MOVF   78,W
03B1:  MOVWF  32
03B2:  CALL   299
03B3:  MOVF   7A,W
03B4:  MOVWF  35
03B5:  MOVF   79,W
03B6:  MOVWF  34
03B7:  MOVF   78,W
03B8:  MOVWF  33
03B9:  MOVF   77,W
03BA:  MOVWF  32
03BB:  MOVLW  AA
03BC:  MOVWF  39
03BD:  MOVLW  F1
03BE:  MOVWF  38
03BF:  MOVLW  02
03C0:  MOVWF  37
03C1:  MOVLW  81
03C2:  MOVWF  36
03C3:  CALL   2B6
03C4:  MOVF   7A,W
03C5:  MOVWF  37
03C6:  MOVF   79,W
03C7:  MOVWF  36
03C8:  MOVF   78,W
03C9:  MOVWF  35
03CA:  MOVF   77,W
03CB:  MOVWF  34
03CC:  CALL   380
03CD:  MOVF   79,W
03CE:  MOVWF  24
03CF:  MOVF   78,W
03D0:  MOVWF  23
....................       lcd_command(0x94);
03D1:  MOVLW  94
03D2:  MOVWF  30
03D3:  CALL   048
....................       printf(lcd_data,"NHIET DO: %lu  ", kq);
03D4:  MOVLW  20
03D5:  BSF    03.6
03D6:  MOVWF  0D
03D7:  MOVLW  00
03D8:  MOVWF  0F
03D9:  BCF    03.0
03DA:  MOVLW  0A
03DB:  BCF    03.6
03DC:  MOVWF  30
03DD:  CALL   09C
03DE:  MOVLW  10
03DF:  MOVWF  04
03E0:  MOVF   24,W
03E1:  MOVWF  31
03E2:  MOVF   23,W
03E3:  MOVWF  30
03E4:  CALL   0F3
03E5:  MOVLW  20
03E6:  MOVWF  39
03E7:  CALL   07B
03E8:  MOVLW  20
03E9:  MOVWF  39
03EA:  CALL   07B
....................       lcd_data(0xDF);
03EB:  MOVLW  DF
03EC:  MOVWF  39
03ED:  CALL   07B
....................       lcd_data('C');
03EE:  MOVLW  43
03EF:  MOVWF  39
03F0:  CALL   07B
....................       lcd_data("  ");
03F1:  MOVLW  28
03F2:  BSF    03.6
03F3:  MOVWF  0D
03F4:  MOVLW  00
03F5:  MOVWF  0F
03F6:  BCF    03.6
03F7:  CALL   183
....................       }
....................       if (mode==1)
03F8:  BTFSS  2D.0
03F9:  GOTO   6A8
....................       {  
....................          tong=tong+read_adc()/4.092;
03FA:  BSF    1F.1
03FB:  BTFSC  1F.1
03FC:  GOTO   3FB
03FD:  MOVF   1E,W
03FE:  MOVWF  79
03FF:  BSF    03.5
0400:  MOVF   1E,W
0401:  MOVWF  78
0402:  MOVF   79,W
0403:  BCF    03.5
0404:  MOVWF  31
0405:  MOVF   78,W
0406:  MOVWF  30
0407:  MOVF   31,W
0408:  MOVWF  33
0409:  MOVF   30,W
040A:  MOVWF  32
040B:  CALL   299
040C:  MOVF   7A,W
040D:  MOVWF  35
040E:  MOVF   79,W
040F:  MOVWF  34
0410:  MOVF   78,W
0411:  MOVWF  33
0412:  MOVF   77,W
0413:  MOVWF  32
0414:  MOVLW  AA
0415:  MOVWF  39
0416:  MOVLW  F1
0417:  MOVWF  38
0418:  MOVLW  02
0419:  MOVWF  37
041A:  MOVLW  81
041B:  MOVWF  36
041C:  CALL   2B6
041D:  MOVF   7A,W
041E:  MOVWF  33
041F:  MOVF   79,W
0420:  MOVWF  32
0421:  MOVF   78,W
0422:  MOVWF  31
0423:  MOVF   77,W
0424:  MOVWF  30
0425:  MOVF   26,W
0426:  MOVWF  35
0427:  MOVF   25,W
0428:  MOVWF  34
*
044D:  BCF    03.1
044E:  MOVF   7A,W
044F:  MOVWF  37
0450:  MOVF   79,W
0451:  MOVWF  36
0452:  MOVF   78,W
0453:  MOVWF  35
0454:  MOVF   77,W
0455:  MOVWF  34
0456:  MOVF   33,W
0457:  MOVWF  3B
0458:  MOVF   32,W
0459:  MOVWF  3A
045A:  MOVF   31,W
045B:  MOVWF  39
045C:  MOVF   30,W
045D:  MOVWF  38
*
059E:  MOVF   7A,W
059F:  MOVWF  37
05A0:  MOVF   79,W
05A1:  MOVWF  36
05A2:  MOVF   78,W
05A3:  MOVWF  35
05A4:  MOVF   77,W
05A5:  MOVWF  34
05A6:  CALL   380
05A7:  MOVF   79,W
05A8:  MOVWF  26
05A9:  MOVF   78,W
05AA:  MOVWF  25
....................          n++;
05AB:  INCF   27,F
05AC:  BTFSC  03.2
05AD:  INCF   28,F
....................          if(n>=100)
05AE:  BTFSC  28.7
05AF:  GOTO   603
05B0:  MOVF   28,F
05B1:  BTFSS  03.2
05B2:  GOTO   5B7
05B3:  MOVF   27,W
05B4:  SUBLW  63
05B5:  BTFSC  03.0
05B6:  GOTO   603
....................          {
....................          kq=tong/100;
05B7:  MOVF   26,W
05B8:  MOVWF  31
05B9:  MOVF   25,W
05BA:  MOVWF  30
05BB:  CLRF   33
05BC:  MOVLW  64
05BD:  MOVWF  32
*
05FB:  MOVF   79,W
05FC:  MOVWF  24
05FD:  MOVF   78,W
05FE:  MOVWF  23
....................          tong=0;
05FF:  CLRF   26
0600:  CLRF   25
....................          n=0;
0601:  CLRF   28
0602:  CLRF   27
....................          }
....................       lcd_command(0x94);
0603:  MOVLW  94
0604:  MOVWF  30
0605:  CALL   048
....................       printf(lcd_data,"NHIET DO: %ld  ", kq);
0606:  MOVLW  2A
0607:  BSF    03.6
0608:  MOVWF  0D
0609:  MOVLW  00
060A:  MOVWF  0F
060B:  BCF    03.0
060C:  MOVLW  0A
060D:  BCF    03.6
060E:  MOVWF  30
060F:  CALL   09C
0610:  MOVLW  10
0611:  MOVWF  04
0612:  MOVF   24,W
0613:  MOVWF  31
0614:  MOVF   23,W
0615:  MOVWF  30
*
0695:  MOVLW  20
0696:  MOVWF  39
0697:  CALL   07B
0698:  MOVLW  20
0699:  MOVWF  39
069A:  CALL   07B
.................... 
....................       lcd_data(0xDF);
069B:  MOVLW  DF
069C:  MOVWF  39
069D:  CALL   07B
....................       lcd_data('C');
069E:  MOVLW  43
069F:  MOVWF  39
06A0:  CALL   07B
....................       lcd_data("  ");
06A1:  MOVLW  32
06A2:  BSF    03.6
06A3:  MOVWF  0D
06A4:  MOVLW  00
06A5:  MOVWF  0F
06A6:  BCF    03.6
06A7:  CALL   183
....................       }
06A8:  BCF    0A.3
06A9:  BCF    0A.4
06AA:  GOTO   704 (RETURN)
.................... }
.................... 
.................... void main()
06AB:  MOVF   03,W
06AC:  ANDLW  1F
06AD:  MOVWF  03
06AE:  MOVLW  FF
06AF:  MOVWF  20
06B0:  CLRF   26
06B1:  CLRF   25
06B2:  CLRF   28
06B3:  CLRF   27
06B4:  CLRF   29
06B5:  CLRF   2A
06B6:  CLRF   2B
06B7:  CLRF   2C
06B8:  BCF    2D.0
06B9:  CLRF   2F
06BA:  CLRF   2E
06BB:  BSF    03.5
06BC:  BSF    03.6
06BD:  MOVF   09,W
06BE:  ANDLW  C0
06BF:  MOVWF  09
06C0:  BCF    03.6
06C1:  BCF    1F.4
06C2:  BCF    1F.5
06C3:  MOVLW  00
06C4:  BSF    03.6
06C5:  MOVWF  08
06C6:  BCF    03.5
06C7:  CLRF   07
06C8:  CLRF   08
06C9:  CLRF   09
06CA:  BCF    03.7
.................... {
.................... set_tris_a(0xff);
06CB:  MOVLW  FF
06CC:  BSF    03.5
06CD:  BCF    03.6
06CE:  MOVWF  05
.................... set_tris_c(0);
06CF:  MOVLW  00
06D0:  MOVWF  07
06D1:  BCF    03.5
06D2:  MOVWF  20
.................... set_tris_d(0);
06D3:  BSF    03.5
06D4:  MOVWF  08
.................... lcd_setup();
06D5:  BCF    03.5
06D6:  GOTO   069
.................... setup_timer_0(T0_EXT_H_TO_L|T0_DIV_1);
06D7:  BSF    03.5
06D8:  MOVF   01,W
06D9:  ANDLW  C7
06DA:  IORLW  38
06DB:  MOVWF  01
.................... set_timer0(0); 
06DC:  BCF    03.5
06DD:  CLRF   01
.................... setup_timer_1(T1_internal|T1_DIV_BY_8);
06DE:  MOVLW  35
06DF:  MOVWF  10
.................... set_timer1(3036);
06E0:  CLRF   0E
06E1:  MOVLW  0B
06E2:  MOVWF  0F
06E3:  MOVLW  DC
06E4:  MOVWF  0E
06E5:  NOP
.................... setup_adc(ADC_CLOCK_DIV_32);
06E6:  BCF    1F.6
06E7:  BSF    1F.7
06E8:  BSF    03.5
06E9:  BSF    1F.7
06EA:  BCF    03.5
06EB:  BSF    1F.0
.................... setup_adc_ports(sAN0|vss_vref);
06EC:  BSF    03.5
06ED:  BSF    03.6
06EE:  MOVF   09,W
06EF:  ANDLW  C0
06F0:  MOVWF  09
06F1:  BCF    03.6
06F2:  BSF    1F.4
06F3:  BCF    1F.5
06F4:  MOVLW  01
06F5:  BSF    03.6
06F6:  MOVWF  08
.................... set_adc_channel(0);
06F7:  MOVLW  00
06F8:  MOVWF  78
06F9:  BCF    03.5
06FA:  BCF    03.6
06FB:  MOVF   1F,W
06FC:  ANDLW  C3
06FD:  IORWF  78,W
06FE:  MOVWF  1F
....................       while(true)
....................       {
....................       DEMSP();
06FF:  GOTO   156
....................       TIME();
0700:  GOTO   1EE
....................       NUTNHAN();
0701:  GOTO   26A
....................       HIENTHICHEDO();
0702:  GOTO   281
....................       DONHIETDO(); 
0703:  GOTO   39F
0704:  GOTO   6FF
....................       }
.................... }
0705:  SLEEP

Configuration Fuses:
   Word  1: 2FE2   HS NOWDT PUT MCLR NOPROTECT NOCPD BROWNOUT IESO FCMEN NOLVP NODEBUG
   Word  2: 3FFF   BORV40 NOWRT
