
ROM used:   957/8192 (12%)
            957/8192 (12%) including unused fragments

            1.0 Average locations per line
            13.3 Average locations per statement

RAM used:   24/368 (7%) at main() level
            46/368 (12%) worst case

Stack used: 4 worst case (3 in main + 1 for interrupts)
Stack size: 8

Lines Stmts  %   Files
----- ----- ---  -----
   94    55  76  ngat.c
  809     0   0  C:\Program Files (x86)\PICC\Devices\16f887.h
   25    17  24  TV_LCD.c
----- -----
  928    72 Total

Page ROM  %  RAM    Vol Diff  Functions:
---- --- --- ---    --- ----  ----------
0     20   2    1             @delay_ms1
0     33   3    1    119  1.3  lcd_command
0     33   3    1    119  1.3  lcd_data
0     18   2    0     86  1.3  lcd_setup
0    305  32    2     36  1.4  ngat_adc
 Inline         2   1163  5.8  @ITOF
 Inline        14   1163  5.8  @DIVFF
 Inline         4   1163  5.8  @SFTOI
0      7   1    0     29  1.2  ngatt0
0     11   1    0     29  1.2  ngatt1
0      5   1    0     13  1.0  ngatt2
0     36   4    0    396  4.2  time
0     90   9    0    248  1.8  XUAT_LCD
0      6   1    0             @const733
0     87   9    5             @PSTRINGCN7_710
0     21   2    3   1163  5.8  @DIV88
0     53   6    2   1163  5.8  @PRINTF_U_710
0      6   1    0             @const742
0      6   1    0             @const743
0      8   1    0             @const744
0    106  11    0    556  2.9  MAIN
 Inline         0             @cinit1

Program metrics:
    Functions               15
    Statements              72
    Comments                135
    Volume (V)              11492
    Difficulty (D)          48.7
    Effort to implement (E) 559436
    Time to implement (T)   8 hours, 38 minutes
    Est Delivered Bugs (B)  2
    Cyclomatic Complexity   36
    Maintainability (MI)    61

 Segment     Used  Free
-----------  ----  ----
00000-00003     4  0  
00004-00069   102  0  
0006A-007FF   851  1091  
00800-00FFF     0  2048  
01000-017FF     0  2048  
01800-01FFF     0  2048  



