
ROM used:   1053/8192 (13%)
            1053/8192 (13%) including unused fragments

            1.2 Average locations per line
            29.3 Average locations per statement

RAM used:   24/368 (7%) at main() level
            38/368 (10%) worst case

Stack used: 2 worst case (1 in main + 1 for interrupts)
Stack size: 8

Lines Stmts  %   Files
----- ----- ---  -----
   56    36 100  GIAOTIEPVOIMAYTINH.c
  809     0   0  C:\Program Files (x86)\PICC\Devices\16f887.h
----- -----
  865    36 Total

Page ROM  %  RAM    Vol Diff  Functions:
---- --- --- ---    --- ----  ----------
0     20   2    1             @delay_ms1
0     15   1    1             @delay_us1
0      8   1    0     20  1.3  ngatuart
0    441  42    2   1000  4.7  MAIN
0     29   3    2             @ITOF
0    202  19   14             @DIVFF
0     31   3    4             @SFTOI
0     12   1    0             @const725
0     89   8    5             @PSTRINGCN7_9600_62_63
0     89   8    9             @PRINTF_LU_9600_62_63
0     12   1    0             @const730
0     12   1    0             @const731
0     12   1    0             @const732
 Inline         0             @cinit1

Program metrics:
    Functions               2
    Statements              36
    Comments                136
    Volume (V)              1092
    Difficulty (D)          5.7
    Effort to implement (E) 6201
    Time to implement (T)   6 minutes
    Est Delivered Bugs (B)  0
    Cyclomatic Complexity   3
    Maintainability (MI)    101

 Segment     Used  Free
-----------  ----  ----
00000-00003     4  0  
00004-00050    77  0  
00051-007FF   972  995  
00800-00FFF     0  2048  
01000-017FF     0  2048  
01800-01FFF     0  2048  



