
ROM used:   1606/8192 (20%)
            1606/8192 (20%) including unused fragments

            1.7 Average locations per line
            15.7 Average locations per statement

RAM used:   21/368 (6%) at main() level
            41/368 (11%) worst case

Stack used: 3 worst case (3 in main + 0 for interrupts)
Stack size: 8

Lines Stmts  %   Files
----- ----- ---  -----
  121    85  83  adc.c
  809     0   0  C:\Program Files (x86)\PICC\Devices\16f887.h
   25    17  17  TV_LCD.c
----- -----
  955   102 Total

Page ROM  %  RAM    Vol Diff  Functions:
---- --- --- ---    --- ----  ----------
0     20   1    1             @delay_ms1
0     33   2    1    119  1.3  lcd_command
0     33   2    1    119  1.3  lcd_data
0     18   1    0     86  1.3  lcd_setup
0     23   1    1    158  3.5  NUTNHAN
0     24   1    1    123  2.4  HIENTHICHEDO
0      8   0    0    275  2.3  @const725
0     86   5    4    821  4.8  @PSTRINGC7_710
0      8   0    0    275  2.3  @const730
0     41   3    0    125  2.8  DEMSP
0      8   0    0             @const732
0     87   5    5             @PSTRINGCN7_710
0     99   6    9    463  3.6  @PRINTF_LU_710
0    124   8    1    821  4.8  time
0      4   0    0    275  2.3  @const738
0     21   1    3             @DIV88
0    592  37    4    597  5.1  DONHIETDO
0     29   2    2             @ITOF
0    202  13   14             @DIVFF
0     31   2    4             @SFTOI
0      8   0    0    275  2.3  @const750
0      2   0    0    275  2.3  @const751
 Inline        16    275  2.3  @ADDFF
 Inline         5             @DIV1616
0      8   0    0    328  2.3  @const758
0      2   0    0    328  2.3  @const759
0     91   6    0    365  2.3  MAIN
 Inline         0             @cinit1

Program metrics:
    Functions               19
    Statements              102
    Comments                136
    Volume (V)              10786
    Difficulty (D)          51.5
    Effort to implement (E) 555144
    Time to implement (T)   8 hours, 34 minutes
    Est Delivered Bugs (B)  2
    Cyclomatic Complexity   18
    Maintainability (MI)    68

 Segment     Used  Free
-----------  ----  ----
00000-00003     4  0  
00004-007FF  1602  442  
00800-00FFF     0  2048  
01000-017FF     0  2048  
01800-01FFF     0  2048  



