
ROM used:   1077/8192 (13%)
            1077/8192 (13%) including unused fragments

            1.1 Average locations per line
            5.7 Average locations per statement

RAM used:   19/368 (5%) at main() level
            25/368 (7%) worst case

Stack used: 4 worst case (4 in main + 0 for interrupts)
Stack size: 8

Lines Stmts  %   Files
----- ----- ---  -----
  152   171  91  bai9vidu1.c
  809     0   0  C:\Program Files (x86)\PICC\Devices\16F887.H
   25    17   9  TV_LCD.C
----- -----
  986   188 Total

Page ROM  %  RAM    Vol Diff  Functions:
---- --- --- ---    --- ----  ----------
0     20   2    1             @delay_ms1
0     33   3    1    119  1.3  lcd_command
0     33   3    1    119  1.3  lcd_data
0     18   2    0     86  1.3  lcd_setup
0     14   1    0             @const720
0     82   8    3     44  2.1  XUATMA7DOAN
 Inline         6             @DIVS1616
0     50   5    1    461  5.2  XULYNUTNHAN
0    158  15    0   1038  2.9  HIENTHILCD
0      9   1    0             @const728
0     86   8    4             @PSTRINGC7_710
0      8   1    0             @const733
0      9   1    0             @const734
0      9   1    0             @const735
0      2   0    0             @const736
0      2   0    0             @const737
0      2   0    0             @const738
0      2   0    0             @const739
0      2   0    0             @const740
0      2   0    0             @const741
0      2   0    0             @const742
0      2   0    0             @const743
0     31   3    1    197  3.6  TOCDO
0    177  16    0   1090  4.4  CHECKSPEED
0     63   6    2    297  6.4  SANGDAN
0     62   6    2    284  5.9  TATDAN
0     61   6    2    290  5.9  SANGDICH
0     63   6    2    302  6.4  TATDICH
0     63   6    0    322  3.7  MAIN
0      8   1    0             @goto63941
 Inline         0             @cinit1

Program metrics:
    Functions               13
    Statements              188
    Comments                135
    Volume (V)              7535
    Difficulty (D)          49.0
    Effort to implement (E) 369583
    Time to implement (T)   5 hours, 42 minutes
    Est Delivered Bugs (B)  2
    Cyclomatic Complexity   40
    Maintainability (MI)    46

 Segment     Used  Free
-----------  ----  ----
00000-00003     4  0  
00004-007FF  1073  971  
00800-00FFF     0  2048  
01000-017FF     0  2048  
01800-01FFF     0  2048  



