
ROM used:   1234/8192 (15%)
            1234/8192 (15%) including unused fragments

            1.1 Average locations per line
            8.0 Average locations per statement

RAM used:   34/368 (9%) at main() level
            39/368 (11%) worst case

Stack used: 2 worst case (2 in main + 0 for interrupts)
Stack size: 8

Lines Stmts  %   Files
----- ----- ---  -----
  250   142  92  banphimmatran.c
  809     0   0  C:\Program Files (x86)\PICC\Devices\16f887.h
   15    12   8  TV_PICKIT2_SHIFT_KEY4X4_138.c
----- -----
 1074   154 Total

Page ROM  %  RAM    Vol Diff  Functions:
---- --- --- ---    --- ----  ----------
0      8   1    0             @const705
 Inline         3    628  7.0  key_4x4
0     20   2    1    221  4.9  @delay_ms1
0    254  21    0    547  2.9  check
0     86   7    5    370  3.8  choptat
0     88   7    5    259  4.6  sangdanpst
0     81   7    5    226  4.1  sangdantsp
0     69   6    5    216  4.1  tatdanpst
0     69   6    5    214  3.6  tatdantsp
0     69   6    5    216  4.1  sangdichpst
0     70   6    5    214  3.6  sangdichtsp
0     69   6    5    216  4.1  sangdich3ledpst
0     69   6    5    214  3.6  sangdich3ledtsp
0    140  11    5    425  4.7  sangdontsp
0    138  11    0    608  4.2  MAIN
 Inline         0    425  4.7  @cinit1

Program metrics:
    Functions               15
    Statements              154
    Comments                143
    Volume (V)              8611
    Difficulty (D)          64.3
    Effort to implement (E) 553447
    Time to implement (T)   8 hours, 32 minutes
    Est Delivered Bugs (B)  2
    Cyclomatic Complexity   37
    Maintainability (MI)    50

 Segment     Used  Free
-----------  ----  ----
00000-00003     4  0  
00004-007FF  1230  814  
00800-00FFF     0  2048  
01000-017FF     0  2048  
01800-01FFF     0  2048  



