
ROM used:   992/8192 (12%)
            992/8192 (12%) including unused fragments

            1.0 Average locations per line
            5.8 Average locations per statement

RAM used:   16/368 (4%) at main() level
            25/368 (7%) worst case

Stack used: 3 worst case (3 in main + 0 for interrupts)
Stack size: 8

Lines Stmts  %   Files
----- ----- ---  -----
  198   154  90  Bai8.c
  809     0   0  C:\Program Files (x86)\PICC\Devices\16f887.h
   25    17  10  TV_LCD.c
----- -----
 1032   171 Total

Page ROM  %  RAM    Vol Diff  Functions:
---- --- --- ---    --- ----  ----------
0     20   2    1             @delay_ms1
0     33   3    1    119  1.3  lcd_command
0     33   3    1    119  1.3  lcd_data
0     18   2    0     86  1.3  lcd_setup
0     30   3    1    245  3.6  MODE_BUTTON
 Inline         1    575  5.6  MODESP
0      2   0    0             @const723
0     86   9    4             @PSTRINGC7_710
 Inline         1    461  5.2  MODEGIO
 Inline         1    461  5.2  MODEPHUT
0    125  13    0    272  4.0  DEMSP
0      5   1    0             @const731
0     87   9    5             @PSTRINGCN7_710
0     21   2    3             @DIV88
0     87   9    6             @PRINTF_D_710
0      6   1    0             @const740
0    266  27    1   1267  4.8  thoigian
0      4   0    0             @const742
0      2   0    0             @const743
0      2   0    0             @const744
0     57   6    0    313  3.1  lcdmode_ten
0      6   1    0             @const746
0      8   1    0             @const747
0      9   1    0             @const748
0      8   1    0             @const749
0      7   1    0             @const750
0     66   7    0    265  2.3  MAIN
 Inline         0             @cinit1

Program metrics:
    Functions               11
    Statements              171
    Comments                151
    Volume (V)              6637
    Difficulty (D)          36.1
    Effort to implement (E) 239716
    Time to implement (T)   3 hours, 42 minutes
    Est Delivered Bugs (B)  1
    Cyclomatic Complexity   37
    Maintainability (MI)    67

 Segment     Used  Free
-----------  ----  ----
00000-00003     4  0  
00004-007FF   988  1056  
00800-00FFF     0  2048  
01000-017FF     0  2048  
01800-01FFF     0  2048  



